<?xml version="1.0" encoding="UTF-8"?>
<testsuites>
    <testsuite name="JUnitXmlReporter" errors="0" tests="1" failures="1" time="0" timestamp="2013-05-24T10:23:58" />
    <testsuite name="JUnitXmlReporter.constructor" errors="0" skipped="0" tests="1" failures="1" time="0.006" timestamp="2013-05-24T10:23:58">
        <properties>
            <property name="java.vendor" value="BlazeMeter Ltd." />
            <property name="compiler.debug" value="on" />
            <property name="project.jdk.classpath" value="jdk.classpath.1.6" />
        </properties>
        <testcase classname="JUnitXmlReporter.constructor" name="" time="0.006">
            <failure message="test failure">4.0416666666667 was lt 100000 in ALL</failure>
        </testcase>
    </testsuite>
</testsuites>
