<?xml version="1.0" encoding="UTF-8" ?>
<testsuite errors="0" failures="0" name="com.icw.ehf.training.medicinecabinet.service.adapter.CabinetAdminServiceDtoAdapterBenchTest" tests="200" time="10.059">
  <testcase classname="junit.framework.JUnit4TestCaseFacade" name="unknown" time="0.89"></testcase>
  <testcase classname="junit.framework.JUnit4TestCaseFacade" name="unknown" time="0.05"></testcase>
  <testcase classname="junit.framework.JUnit4TestCaseFacade" name="unknown" time="0.0060"></testcase>
  <testcase classname="junit.framework.JUnit4TestCaseFacade" name="unknown" time="0.075"></testcase>
  <testcase classname="junit.framework.JUnit4TestCaseFacade" name="unknown" time="0.0080"></testcase>
  <testcase classname="junit.framework.JUnit4TestCaseFacade" name="unknown" time="0.058"></testcase>
  <testcase classname="junit.framework.JUnit4TestCaseFacade" name="unknown" time="0.017"></testcase>
  <testcase classname="junit.framework.JUnit4TestCaseFacade" name="unknown" time="0.037"></testcase>

  <testcase classname="junit.framework.JUnit4TestCaseFacade" name="unknown" time="0.013"></testcase>
  <testcase classname="junit.framework.JUnit4TestCaseFacade" name="unknown" time="0.038"></testcase>
  <testcase classname="junit.framework.JUnit4TestCaseFacade" name="unknown" time="0.01"></testcase>
  <testcase classname="junit.framework.JUnit4TestCaseFacade" name="unknown" time="0.038"></testcase>
  <testcase classname="junit.framework.JUnit4TestCaseFacade" name="unknown" time="0.01"></testcase>
  <testcase classname="junit.framework.JUnit4TestCaseFacade" name="unknown" time="0.04"></testcase>
  <testcase classname="junit.framework.JUnit4TestCaseFacade" name="unknown" time="0.01"></testcase>
  <testcase classname="junit.framework.JUnit4TestCaseFacade" name="unknown" time="0.042"></testcase>
  <testcase classname="junit.framework.JUnit4TestCaseFacade" name="unknown" time="0.012"></testcase>

  <testcase classname="junit.framework.JUnit4TestCaseFacade" name="unknown" time="0.034"></testcase>
  <testcase classname="junit.framework.JUnit4TestCaseFacade" name="unknown" time="0.023"></testcase>
  <testcase classname="junit.framework.JUnit4TestCaseFacade" name="unknown" time="0.028"></testcase>
  <testcase classname="junit.framework.JUnit4TestCaseFacade" name="unknown" time="0.026"></testcase>
  <testcase classname="junit.framework.JUnit4TestCaseFacade" name="unknown" time="0.022"></testcase>
  <testcase classname="junit.framework.JUnit4TestCaseFacade" name="unknown" time="0.034"></testcase>
  <testcase classname="junit.framework.JUnit4TestCaseFacade" name="unknown" time="0.014"></testcase>
  <testcase classname="junit.framework.JUnit4TestCaseFacade" name="unknown" time="0.032"></testcase>
  <testcase classname="junit.framework.JUnit4TestCaseFacade" name="unknown" time="0.02"></testcase>

  <testcase classname="junit.framework.JUnit4TestCaseFacade" name="unknown" time="0.027"></testcase>
  <testcase classname="junit.framework.JUnit4TestCaseFacade" name="unknown" time="0.023"></testcase>
  <testcase classname="junit.framework.JUnit4TestCaseFacade" name="unknown" time="0.026"></testcase>
  <testcase classname="junit.framework.JUnit4TestCaseFacade" name="unknown" time="0.019"></testcase>
  <testcase classname="junit.framework.JUnit4TestCaseFacade" name="unknown" time="0.049"></testcase>
  <testcase classname="junit.framework.JUnit4TestCaseFacade" name="unknown" time="0.018"></testcase>
  <testcase classname="junit.framework.JUnit4TestCaseFacade" name="unknown" time="0.046"></testcase>
  <testcase classname="junit.framework.JUnit4TestCaseFacade" name="unknown" time="0.024"></testcase>
  <testcase classname="junit.framework.JUnit4TestCaseFacade" name="unknown" time="0.046"></testcase>

  <testcase classname="junit.framework.JUnit4TestCaseFacade" name="unknown" time="0.011"></testcase>
  <testcase classname="junit.framework.JUnit4TestCaseFacade" name="unknown" time="0.014"></testcase>
  <testcase classname="junit.framework.JUnit4TestCaseFacade" name="unknown" time="0.044"></testcase>
  <testcase classname="junit.framework.JUnit4TestCaseFacade" name="unknown" time="0.013"></testcase>
  <testcase classname="junit.framework.JUnit4TestCaseFacade" name="unknown" time="0.035"></testcase>
  <testcase classname="junit.framework.JUnit4TestCaseFacade" name="unknown" time="0.022"></testcase>
  <testcase classname="junit.framework.JUnit4TestCaseFacade" name="unknown" time="0.043"></testcase>
  <testcase classname="junit.framework.JUnit4TestCaseFacade" name="unknown" time="0.052"></testcase>
  <testcase classname="junit.framework.JUnit4TestCaseFacade" name="unknown" time="0.035"></testcase>

  <testcase classname="junit.framework.JUnit4TestCaseFacade" name="unknown" time="0.042"></testcase>
  <testcase classname="junit.framework.JUnit4TestCaseFacade" name="unknown" time="0.048"></testcase>
  <testcase classname="junit.framework.JUnit4TestCaseFacade" name="unknown" time="0.038"></testcase>
  <testcase classname="junit.framework.JUnit4TestCaseFacade" name="unknown" time="0.037"></testcase>
  <testcase classname="junit.framework.JUnit4TestCaseFacade" name="unknown" time="0.036"></testcase>
  <testcase classname="junit.framework.JUnit4TestCaseFacade" name="unknown" time="0.038"></testcase>
  <testcase classname="junit.framework.JUnit4TestCaseFacade" name="unknown" time="0.037"></testcase>
  <testcase classname="junit.framework.JUnit4TestCaseFacade" name="unknown" time="0.04"></testcase>
  <testcase classname="junit.framework.JUnit4TestCaseFacade" name="unknown" time="0.041"></testcase>

  <testcase classname="junit.framework.JUnit4TestCaseFacade" name="unknown" time="0.036"></testcase>
  <testcase classname="junit.framework.JUnit4TestCaseFacade" name="unknown" time="0.048"></testcase>
  <testcase classname="junit.framework.JUnit4TestCaseFacade" name="unknown" time="0.041"></testcase>
  <testcase classname="junit.framework.JUnit4TestCaseFacade" name="unknown" time="0.038"></testcase>
  <testcase classname="junit.framework.JUnit4TestCaseFacade" name="unknown" time="0.037"></testcase>
  <testcase classname="junit.framework.JUnit4TestCaseFacade" name="unknown" time="0.034"></testcase>
  <testcase classname="junit.framework.JUnit4TestCaseFacade" name="unknown" time="0.036"></testcase>
  <testcase classname="junit.framework.JUnit4TestCaseFacade" name="unknown" time="0.035"></testcase>
  <testcase classname="junit.framework.JUnit4TestCaseFacade" name="unknown" time="0.033"></testcase>

  <testcase classname="junit.framework.JUnit4TestCaseFacade" name="unknown" time="0.036"></testcase>
  <testcase classname="junit.framework.JUnit4TestCaseFacade" name="unknown" time="0.034"></testcase>
  <testcase classname="junit.framework.JUnit4TestCaseFacade" name="unknown" time="0.034"></testcase>
  <testcase classname="junit.framework.JUnit4TestCaseFacade" name="unknown" time="0.044"></testcase>
  <testcase classname="junit.framework.JUnit4TestCaseFacade" name="unknown" time="0.042"></testcase>
  <testcase classname="junit.framework.JUnit4TestCaseFacade" name="unknown" time="0.039"></testcase>
  <testcase classname="junit.framework.JUnit4TestCaseFacade" name="unknown" time="0.041"></testcase>
  <testcase classname="junit.framework.JUnit4TestCaseFacade" name="unknown" time="0.039"></testcase>
  <testcase classname="junit.framework.JUnit4TestCaseFacade" name="unknown" time="0.036"></testcase>

  <testcase classname="junit.framework.JUnit4TestCaseFacade" name="unknown" time="0.037"></testcase>
  <testcase classname="junit.framework.JUnit4TestCaseFacade" name="unknown" time="0.037"></testcase>
  <testcase classname="junit.framework.JUnit4TestCaseFacade" name="unknown" time="0.036"></testcase>
  <testcase classname="junit.framework.JUnit4TestCaseFacade" name="unknown" time="0.089"></testcase>
  <testcase classname="junit.framework.JUnit4TestCaseFacade" name="unknown" time="0.062"></testcase>
  <testcase classname="junit.framework.JUnit4TestCaseFacade" name="unknown" time="0.052"></testcase>
  <testcase classname="junit.framework.JUnit4TestCaseFacade" name="unknown" time="0.039"></testcase>
  <testcase classname="junit.framework.JUnit4TestCaseFacade" name="unknown" time="0.035"></testcase>
  <testcase classname="junit.framework.JUnit4TestCaseFacade" name="unknown" time="0.034"></testcase>

  <testcase classname="junit.framework.JUnit4TestCaseFacade" name="unknown" time="0.033"></testcase>
  <testcase classname="junit.framework.JUnit4TestCaseFacade" name="unknown" time="0.034"></testcase>
  <testcase classname="junit.framework.JUnit4TestCaseFacade" name="unknown" time="0.032"></testcase>
  <testcase classname="junit.framework.JUnit4TestCaseFacade" name="unknown" time="0.032"></testcase>
  <testcase classname="junit.framework.JUnit4TestCaseFacade" name="unknown" time="0.035"></testcase>
  <testcase classname="junit.framework.JUnit4TestCaseFacade" name="unknown" time="0.032"></testcase>
  <testcase classname="junit.framework.JUnit4TestCaseFacade" name="unknown" time="0.039"></testcase>
  <testcase classname="junit.framework.JUnit4TestCaseFacade" name="unknown" time="0.039"></testcase>
  <testcase classname="junit.framework.JUnit4TestCaseFacade" name="unknown" time="0.032"></testcase>

  <testcase classname="junit.framework.JUnit4TestCaseFacade" name="unknown" time="0.032"></testcase>
  <testcase classname="junit.framework.JUnit4TestCaseFacade" name="unknown" time="0.035"></testcase>
  <testcase classname="junit.framework.JUnit4TestCaseFacade" name="unknown" time="0.034"></testcase>
  <testcase classname="junit.framework.JUnit4TestCaseFacade" name="unknown" time="0.044"></testcase>
  <testcase classname="junit.framework.JUnit4TestCaseFacade" name="unknown" time="0.042"></testcase>
  <testcase classname="junit.framework.JUnit4TestCaseFacade" name="unknown" time="0.038"></testcase>
  <testcase classname="junit.framework.JUnit4TestCaseFacade" name="unknown" time="0.031"></testcase>
  <testcase classname="junit.framework.JUnit4TestCaseFacade" name="unknown" time="0.038"></testcase>
  <testcase classname="junit.framework.JUnit4TestCaseFacade" name="unknown" time="0.032"></testcase>

  <testcase classname="junit.framework.JUnit4TestCaseFacade" name="unknown" time="0.035"></testcase>
  <testcase classname="junit.framework.JUnit4TestCaseFacade" name="unknown" time="0.039"></testcase>
  <testcase classname="junit.framework.JUnit4TestCaseFacade" name="unknown" time="0.032"></testcase>
  <testcase classname="junit.framework.JUnit4TestCaseFacade" name="unknown" time="0.033"></testcase>
  <testcase classname="junit.framework.JUnit4TestCaseFacade" name="unknown" time="0.032"></testcase>
  <testcase classname="junit.framework.JUnit4TestCaseFacade" name="unknown" time="0.043"></testcase>
  <testcase classname="junit.framework.JUnit4TestCaseFacade" name="unknown" time="0.039"></testcase>
  <testcase classname="junit.framework.JUnit4TestCaseFacade" name="unknown" time="0.033"></testcase>
  <testcase classname="junit.framework.JUnit4TestCaseFacade" name="unknown" time="0.033"></testcase>

  <testcase classname="junit.framework.JUnit4TestCaseFacade" name="unknown" time="0.033"></testcase>
  <testcase classname="junit.framework.JUnit4TestCaseFacade" name="unknown" time="0.031"></testcase>
  <testcase classname="junit.framework.JUnit4TestCaseFacade" name="unknown" time="0.031"></testcase>
  <testcase classname="junit.framework.JUnit4TestCaseFacade" name="unknown" time="0.033"></testcase>
  <testcase classname="junit.framework.JUnit4TestCaseFacade" name="unknown" time="0.033"></testcase>
  <testcase classname="junit.framework.JUnit4TestCaseFacade" name="unknown" time="0.032"></testcase>
  <testcase classname="junit.framework.JUnit4TestCaseFacade" name="unknown" time="0.036"></testcase>
  <testcase classname="junit.framework.JUnit4TestCaseFacade" name="unknown" time="0.036"></testcase>
  <testcase classname="junit.framework.JUnit4TestCaseFacade" name="unknown" time="0.032"></testcase>

  <testcase classname="junit.framework.JUnit4TestCaseFacade" name="unknown" time="0.031"></testcase>
  <testcase classname="junit.framework.JUnit4TestCaseFacade" name="unknown" time="0.031"></testcase>
  <testcase classname="junit.framework.JUnit4TestCaseFacade" name="unknown" time="0.03"></testcase>
  <testcase classname="junit.framework.JUnit4TestCaseFacade" name="unknown" time="0.032"></testcase>
  <testcase classname="junit.framework.JUnit4TestCaseFacade" name="unknown" time="0.033"></testcase>
  <testcase classname="junit.framework.JUnit4TestCaseFacade" name="unknown" time="0.037"></testcase>
  <testcase classname="junit.framework.JUnit4TestCaseFacade" name="unknown" time="0.033"></testcase>
  <testcase classname="junit.framework.JUnit4TestCaseFacade" name="unknown" time="0.031"></testcase>
  <testcase classname="junit.framework.JUnit4TestCaseFacade" name="unknown" time="0.031"></testcase>

  <testcase classname="junit.framework.JUnit4TestCaseFacade" name="unknown" time="0.03"></testcase>
  <testcase classname="junit.framework.JUnit4TestCaseFacade" name="unknown" time="0.04"></testcase>
  <testcase classname="junit.framework.JUnit4TestCaseFacade" name="unknown" time="0.033"></testcase>
  <testcase classname="junit.framework.JUnit4TestCaseFacade" name="unknown" time="0.032"></testcase>
  <testcase classname="junit.framework.JUnit4TestCaseFacade" name="unknown" time="0.03"></testcase>
  <testcase classname="junit.framework.JUnit4TestCaseFacade" name="unknown" time="0.037"></testcase>
  <testcase classname="junit.framework.JUnit4TestCaseFacade" name="unknown" time="0.032"></testcase>
  <testcase classname="junit.framework.JUnit4TestCaseFacade" name="unknown" time="0.031"></testcase>
  <testcase classname="junit.framework.JUnit4TestCaseFacade" name="unknown" time="0.031"></testcase>

  <testcase classname="junit.framework.JUnit4TestCaseFacade" name="unknown" time="0.031"></testcase>
  <testcase classname="junit.framework.JUnit4TestCaseFacade" name="unknown" time="0.032"></testcase>
  <testcase classname="junit.framework.JUnit4TestCaseFacade" name="unknown" time="0.033"></testcase>
  <testcase classname="junit.framework.JUnit4TestCaseFacade" name="unknown" time="0.037"></testcase>
  <testcase classname="junit.framework.JUnit4TestCaseFacade" name="unknown" time="0.031"></testcase>
  <testcase classname="junit.framework.JUnit4TestCaseFacade" name="unknown" time="0.031"></testcase>
  <testcase classname="junit.framework.JUnit4TestCaseFacade" name="unknown" time="0.03"></testcase>
  <testcase classname="junit.framework.JUnit4TestCaseFacade" name="unknown" time="0.03"></testcase>
  <testcase classname="junit.framework.JUnit4TestCaseFacade" name="unknown" time="0.031"></testcase>

  <testcase classname="junit.framework.JUnit4TestCaseFacade" name="unknown" time="0.032"></testcase>
  <testcase classname="junit.framework.JUnit4TestCaseFacade" name="unknown" time="0.042"></testcase>
  <testcase classname="junit.framework.JUnit4TestCaseFacade" name="unknown" time="0.033"></testcase>
  <testcase classname="junit.framework.JUnit4TestCaseFacade" name="unknown" time="0.033"></testcase>
  <testcase classname="junit.framework.JUnit4TestCaseFacade" name="unknown" time="0.033"></testcase>
  <testcase classname="junit.framework.JUnit4TestCaseFacade" name="unknown" time="0.036"></testcase>
  <testcase classname="junit.framework.JUnit4TestCaseFacade" name="unknown" time="0.038"></testcase>
  <testcase classname="junit.framework.JUnit4TestCaseFacade" name="unknown" time="0.032"></testcase>
  <testcase classname="junit.framework.JUnit4TestCaseFacade" name="unknown" time="0.037"></testcase>

  <testcase classname="junit.framework.JUnit4TestCaseFacade" name="unknown" time="0.033"></testcase>
  <testcase classname="junit.framework.JUnit4TestCaseFacade" name="unknown" time="0.031"></testcase>
  <testcase classname="junit.framework.JUnit4TestCaseFacade" name="unknown" time="0.032"></testcase>
  <testcase classname="junit.framework.JUnit4TestCaseFacade" name="unknown" time="0.031"></testcase>
  <testcase classname="junit.framework.JUnit4TestCaseFacade" name="unknown" time="0.038"></testcase>
  <testcase classname="junit.framework.JUnit4TestCaseFacade" name="unknown" time="0.055"></testcase>
  <testcase classname="junit.framework.JUnit4TestCaseFacade" name="unknown" time="0.047"></testcase>
  <testcase classname="junit.framework.JUnit4TestCaseFacade" name="unknown" time="0.045"></testcase>
  <testcase classname="junit.framework.JUnit4TestCaseFacade" name="unknown" time="0.03"></testcase>

  <testcase classname="junit.framework.JUnit4TestCaseFacade" name="unknown" time="0.031"></testcase>
  <testcase classname="junit.framework.JUnit4TestCaseFacade" name="unknown" time="0.03"></testcase>
  <testcase classname="junit.framework.JUnit4TestCaseFacade" name="unknown" time="0.034"></testcase>
  <testcase classname="junit.framework.JUnit4TestCaseFacade" name="unknown" time="0.037"></testcase>
  <testcase classname="junit.framework.JUnit4TestCaseFacade" name="unknown" time="0.038"></testcase>
  <testcase classname="junit.framework.JUnit4TestCaseFacade" name="unknown" time="0.039"></testcase>
  <testcase classname="junit.framework.JUnit4TestCaseFacade" name="unknown" time="0.042"></testcase>
  <testcase classname="junit.framework.JUnit4TestCaseFacade" name="unknown" time="0.031"></testcase>
  <testcase classname="junit.framework.JUnit4TestCaseFacade" name="unknown" time="0.03"></testcase>

  <testcase classname="junit.framework.JUnit4TestCaseFacade" name="unknown" time="0.032"></testcase>
  <testcase classname="junit.framework.JUnit4TestCaseFacade" name="unknown" time="0.031"></testcase>
  <testcase classname="junit.framework.JUnit4TestCaseFacade" name="unknown" time="0.031"></testcase>
  <testcase classname="junit.framework.JUnit4TestCaseFacade" name="unknown" time="0.031"></testcase>
  <testcase classname="junit.framework.JUnit4TestCaseFacade" name="unknown" time="0.031"></testcase>
  <testcase classname="junit.framework.JUnit4TestCaseFacade" name="unknown" time="0.034"></testcase>
  <testcase classname="junit.framework.JUnit4TestCaseFacade" name="unknown" time="0.037"></testcase>
  <testcase classname="junit.framework.JUnit4TestCaseFacade" name="unknown" time="0.037"></testcase>
  <testcase classname="junit.framework.JUnit4TestCaseFacade" name="unknown" time="0.029"></testcase>

  <testcase classname="junit.framework.JUnit4TestCaseFacade" name="unknown" time="0.03"></testcase>
  <testcase classname="junit.framework.JUnit4TestCaseFacade" name="unknown" time="0.032"></testcase>
  <testcase classname="junit.framework.JUnit4TestCaseFacade" name="unknown" time="0.036"></testcase>
  <testcase classname="junit.framework.JUnit4TestCaseFacade" name="unknown" time="0.033"></testcase>
  <testcase classname="junit.framework.JUnit4TestCaseFacade" name="unknown" time="0.032"></testcase>
  <testcase classname="junit.framework.JUnit4TestCaseFacade" name="unknown" time="0.033"></testcase>
  <testcase classname="junit.framework.JUnit4TestCaseFacade" name="unknown" time="0.035"></testcase>
  <testcase classname="junit.framework.JUnit4TestCaseFacade" name="unknown" time="0.031"></testcase>
  <testcase classname="junit.framework.JUnit4TestCaseFacade" name="unknown" time="0.033"></testcase>

  <testcase classname="junit.framework.JUnit4TestCaseFacade" name="unknown" time="0.032"></testcase>
  <testcase classname="junit.framework.JUnit4TestCaseFacade" name="unknown" time="0.031"></testcase>
  <testcase classname="junit.framework.JUnit4TestCaseFacade" name="unknown" time="0.034"></testcase>
  <testcase classname="junit.framework.JUnit4TestCaseFacade" name="unknown" time="0.032"></testcase>
  <testcase classname="junit.framework.JUnit4TestCaseFacade" name="unknown" time="0.033"></testcase>
  <testcase classname="junit.framework.JUnit4TestCaseFacade" name="unknown" time="0.031"></testcase>
  <testcase classname="junit.framework.JUnit4TestCaseFacade" name="unknown" time="0.031"></testcase>
  <testcase classname="junit.framework.JUnit4TestCaseFacade" name="unknown" time="0.032"></testcase>
  <testcase classname="junit.framework.JUnit4TestCaseFacade" name="unknown" time="0.032"></testcase>

  <testcase classname="junit.framework.JUnit4TestCaseFacade" name="unknown" time="0.031"></testcase>
  <testcase classname="junit.framework.JUnit4TestCaseFacade" name="unknown" time="0.03"></testcase>
  <testcase classname="junit.framework.JUnit4TestCaseFacade" name="unknown" time="0.029"></testcase>
  <system-out><![CDATA[]]></system-out>
  <system-err><![CDATA[]]></system-err>
</testsuite>
